<?xml version="1.0" encoding="UTF-8"?>
<robot generator="Robot 4.1.3 (Python 3.10.0 on win32)" generated="20220529 16:52:12.243" rpa="false" schemaversion="2">
<suite id="s1" name="ExercicioUsandoLoops" source="C:\CursoUdemy\RobotFramework\Estruturas\ExercicioUsandoLoops.robot">
<test id="s1-t1" name="Teste de FOR do tipo IN">
<kw name="Usando FOR IN">
<kw name="Log To Console" library="BuiltIn">
<arg>${\n}</arg>
<doc>Logs the given message to the console.</doc>
<status status="PASS" starttime="20220529 16:52:12.307" endtime="20220529 16:52:12.309"/>
</kw>
<for flavor="IN">
<var>${NUMEROS}</var>
<value>@{MINHA_LISTA}</value>
<iter>
<var name="${NUMEROS}">0</var>
<if>
<branch type="IF" condition="${NUMEROS} == 5 or ${NUMEROS} == 10">
<kw name="Log To Console" library="BuiltIn">
<arg>Eu sou o número ${NUMEROS}!</arg>
<doc>Logs the given message to the console.</doc>
<status status="NOT RUN" starttime="20220529 16:52:12.309" endtime="20220529 16:52:12.309"/>
</kw>
<status status="NOT RUN" starttime="20220529 16:52:12.309" endtime="20220529 16:52:12.310"/>
</branch>
<branch type="ELSE">
<kw name="Log To Console" library="BuiltIn">
<arg>Eu não sou o número 5 e nem o 10! Eu sou o número: ${NUMEROS}!</arg>
<doc>Logs the given message to the console.</doc>
<status status="PASS" starttime="20220529 16:52:12.310" endtime="20220529 16:52:12.311"/>
</kw>
<status status="PASS" starttime="20220529 16:52:12.310" endtime="20220529 16:52:12.311"/>
</branch>
<status status="PASS" starttime="20220529 16:52:12.309" endtime="20220529 16:52:12.311"/>
</if>
<status status="PASS" starttime="20220529 16:52:12.309" endtime="20220529 16:52:12.311"/>
</iter>
<iter>
<var name="${NUMEROS}">1</var>
<if>
<branch type="IF" condition="${NUMEROS} == 5 or ${NUMEROS} == 10">
<kw name="Log To Console" library="BuiltIn">
<arg>Eu sou o número ${NUMEROS}!</arg>
<doc>Logs the given message to the console.</doc>
<status status="NOT RUN" starttime="20220529 16:52:12.312" endtime="20220529 16:52:12.312"/>
</kw>
<status status="NOT RUN" starttime="20220529 16:52:12.312" endtime="20220529 16:52:12.312"/>
</branch>
<branch type="ELSE">
<kw name="Log To Console" library="BuiltIn">
<arg>Eu não sou o número 5 e nem o 10! Eu sou o número: ${NUMEROS}!</arg>
<doc>Logs the given message to the console.</doc>
<status status="PASS" starttime="20220529 16:52:12.312" endtime="20220529 16:52:12.314"/>
</kw>
<status status="PASS" starttime="20220529 16:52:12.312" endtime="20220529 16:52:12.314"/>
</branch>
<status status="PASS" starttime="20220529 16:52:12.311" endtime="20220529 16:52:12.314"/>
</if>
<status status="PASS" starttime="20220529 16:52:12.311" endtime="20220529 16:52:12.314"/>
</iter>
<iter>
<var name="${NUMEROS}">2</var>
<if>
<branch type="IF" condition="${NUMEROS} == 5 or ${NUMEROS} == 10">
<kw name="Log To Console" library="BuiltIn">
<arg>Eu sou o número ${NUMEROS}!</arg>
<doc>Logs the given message to the console.</doc>
<status status="NOT RUN" starttime="20220529 16:52:12.315" endtime="20220529 16:52:12.315"/>
</kw>
<status status="NOT RUN" starttime="20220529 16:52:12.315" endtime="20220529 16:52:12.315"/>
</branch>
<branch type="ELSE">
<kw name="Log To Console" library="BuiltIn">
<arg>Eu não sou o número 5 e nem o 10! Eu sou o número: ${NUMEROS}!</arg>
<doc>Logs the given message to the console.</doc>
<status status="PASS" starttime="20220529 16:52:12.315" endtime="20220529 16:52:12.316"/>
</kw>
<status status="PASS" starttime="20220529 16:52:12.315" endtime="20220529 16:52:12.316"/>
</branch>
<status status="PASS" starttime="20220529 16:52:12.314" endtime="20220529 16:52:12.316"/>
</if>
<status status="PASS" starttime="20220529 16:52:12.314" endtime="20220529 16:52:12.317"/>
</iter>
<iter>
<var name="${NUMEROS}">3</var>
<if>
<branch type="IF" condition="${NUMEROS} == 5 or ${NUMEROS} == 10">
<kw name="Log To Console" library="BuiltIn">
<arg>Eu sou o número ${NUMEROS}!</arg>
<doc>Logs the given message to the console.</doc>
<status status="NOT RUN" starttime="20220529 16:52:12.318" endtime="20220529 16:52:12.318"/>
</kw>
<status status="NOT RUN" starttime="20220529 16:52:12.317" endtime="20220529 16:52:12.318"/>
</branch>
<branch type="ELSE">
<kw name="Log To Console" library="BuiltIn">
<arg>Eu não sou o número 5 e nem o 10! Eu sou o número: ${NUMEROS}!</arg>
<doc>Logs the given message to the console.</doc>
<status status="PASS" starttime="20220529 16:52:12.318" endtime="20220529 16:52:12.319"/>
</kw>
<status status="PASS" starttime="20220529 16:52:12.318" endtime="20220529 16:52:12.320"/>
</branch>
<status status="PASS" starttime="20220529 16:52:12.317" endtime="20220529 16:52:12.320"/>
</if>
<status status="PASS" starttime="20220529 16:52:12.317" endtime="20220529 16:52:12.320"/>
</iter>
<iter>
<var name="${NUMEROS}">4</var>
<if>
<branch type="IF" condition="${NUMEROS} == 5 or ${NUMEROS} == 10">
<kw name="Log To Console" library="BuiltIn">
<arg>Eu sou o número ${NUMEROS}!</arg>
<doc>Logs the given message to the console.</doc>
<status status="NOT RUN" starttime="20220529 16:52:12.321" endtime="20220529 16:52:12.321"/>
</kw>
<status status="NOT RUN" starttime="20220529 16:52:12.321" endtime="20220529 16:52:12.321"/>
</branch>
<branch type="ELSE">
<kw name="Log To Console" library="BuiltIn">
<arg>Eu não sou o número 5 e nem o 10! Eu sou o número: ${NUMEROS}!</arg>
<doc>Logs the given message to the console.</doc>
<status status="PASS" starttime="20220529 16:52:12.321" endtime="20220529 16:52:12.323"/>
</kw>
<status status="PASS" starttime="20220529 16:52:12.321" endtime="20220529 16:52:12.323"/>
</branch>
<status status="PASS" starttime="20220529 16:52:12.320" endtime="20220529 16:52:12.323"/>
</if>
<status status="PASS" starttime="20220529 16:52:12.320" endtime="20220529 16:52:12.323"/>
</iter>
<iter>
<var name="${NUMEROS}">5</var>
<if>
<branch type="IF" condition="${NUMEROS} == 5 or ${NUMEROS} == 10">
<kw name="Log To Console" library="BuiltIn">
<arg>Eu sou o número ${NUMEROS}!</arg>
<doc>Logs the given message to the console.</doc>
<status status="PASS" starttime="20220529 16:52:12.324" endtime="20220529 16:52:12.325"/>
</kw>
<status status="PASS" starttime="20220529 16:52:12.323" endtime="20220529 16:52:12.325"/>
</branch>
<branch type="ELSE">
<kw name="Log To Console" library="BuiltIn">
<arg>Eu não sou o número 5 e nem o 10! Eu sou o número: ${NUMEROS}!</arg>
<doc>Logs the given message to the console.</doc>
<status status="NOT RUN" starttime="20220529 16:52:12.325" endtime="20220529 16:52:12.325"/>
</kw>
<status status="NOT RUN" starttime="20220529 16:52:12.325" endtime="20220529 16:52:12.325"/>
</branch>
<status status="PASS" starttime="20220529 16:52:12.323" endtime="20220529 16:52:12.325"/>
</if>
<status status="PASS" starttime="20220529 16:52:12.323" endtime="20220529 16:52:12.325"/>
</iter>
<iter>
<var name="${NUMEROS}">6</var>
<if>
<branch type="IF" condition="${NUMEROS} == 5 or ${NUMEROS} == 10">
<kw name="Log To Console" library="BuiltIn">
<arg>Eu sou o número ${NUMEROS}!</arg>
<doc>Logs the given message to the console.</doc>
<status status="NOT RUN" starttime="20220529 16:52:12.326" endtime="20220529 16:52:12.326"/>
</kw>
<status status="NOT RUN" starttime="20220529 16:52:12.326" endtime="20220529 16:52:12.326"/>
</branch>
<branch type="ELSE">
<kw name="Log To Console" library="BuiltIn">
<arg>Eu não sou o número 5 e nem o 10! Eu sou o número: ${NUMEROS}!</arg>
<doc>Logs the given message to the console.</doc>
<status status="PASS" starttime="20220529 16:52:12.327" endtime="20220529 16:52:12.328"/>
</kw>
<status status="PASS" starttime="20220529 16:52:12.326" endtime="20220529 16:52:12.328"/>
</branch>
<status status="PASS" starttime="20220529 16:52:12.326" endtime="20220529 16:52:12.328"/>
</if>
<status status="PASS" starttime="20220529 16:52:12.326" endtime="20220529 16:52:12.328"/>
</iter>
<iter>
<var name="${NUMEROS}">7</var>
<if>
<branch type="IF" condition="${NUMEROS} == 5 or ${NUMEROS} == 10">
<kw name="Log To Console" library="BuiltIn">
<arg>Eu sou o número ${NUMEROS}!</arg>
<doc>Logs the given message to the console.</doc>
<status status="NOT RUN" starttime="20220529 16:52:12.329" endtime="20220529 16:52:12.329"/>
</kw>
<status status="NOT RUN" starttime="20220529 16:52:12.329" endtime="20220529 16:52:12.329"/>
</branch>
<branch type="ELSE">
<kw name="Log To Console" library="BuiltIn">
<arg>Eu não sou o número 5 e nem o 10! Eu sou o número: ${NUMEROS}!</arg>
<doc>Logs the given message to the console.</doc>
<status status="PASS" starttime="20220529 16:52:12.330" endtime="20220529 16:52:12.331"/>
</kw>
<status status="PASS" starttime="20220529 16:52:12.329" endtime="20220529 16:52:12.331"/>
</branch>
<status status="PASS" starttime="20220529 16:52:12.328" endtime="20220529 16:52:12.331"/>
</if>
<status status="PASS" starttime="20220529 16:52:12.328" endtime="20220529 16:52:12.331"/>
</iter>
<iter>
<var name="${NUMEROS}">8</var>
<if>
<branch type="IF" condition="${NUMEROS} == 5 or ${NUMEROS} == 10">
<kw name="Log To Console" library="BuiltIn">
<arg>Eu sou o número ${NUMEROS}!</arg>
<doc>Logs the given message to the console.</doc>
<status status="NOT RUN" starttime="20220529 16:52:12.332" endtime="20220529 16:52:12.332"/>
</kw>
<status status="NOT RUN" starttime="20220529 16:52:12.332" endtime="20220529 16:52:12.332"/>
</branch>
<branch type="ELSE">
<kw name="Log To Console" library="BuiltIn">
<arg>Eu não sou o número 5 e nem o 10! Eu sou o número: ${NUMEROS}!</arg>
<doc>Logs the given message to the console.</doc>
<status status="PASS" starttime="20220529 16:52:12.332" endtime="20220529 16:52:12.334"/>
</kw>
<status status="PASS" starttime="20220529 16:52:12.332" endtime="20220529 16:52:12.334"/>
</branch>
<status status="PASS" starttime="20220529 16:52:12.331" endtime="20220529 16:52:12.334"/>
</if>
<status status="PASS" starttime="20220529 16:52:12.331" endtime="20220529 16:52:12.334"/>
</iter>
<iter>
<var name="${NUMEROS}">9</var>
<if>
<branch type="IF" condition="${NUMEROS} == 5 or ${NUMEROS} == 10">
<kw name="Log To Console" library="BuiltIn">
<arg>Eu sou o número ${NUMEROS}!</arg>
<doc>Logs the given message to the console.</doc>
<status status="NOT RUN" starttime="20220529 16:52:12.335" endtime="20220529 16:52:12.335"/>
</kw>
<status status="NOT RUN" starttime="20220529 16:52:12.334" endtime="20220529 16:52:12.335"/>
</branch>
<branch type="ELSE">
<kw name="Log To Console" library="BuiltIn">
<arg>Eu não sou o número 5 e nem o 10! Eu sou o número: ${NUMEROS}!</arg>
<doc>Logs the given message to the console.</doc>
<status status="PASS" starttime="20220529 16:52:12.335" endtime="20220529 16:52:12.336"/>
</kw>
<status status="PASS" starttime="20220529 16:52:12.335" endtime="20220529 16:52:12.336"/>
</branch>
<status status="PASS" starttime="20220529 16:52:12.334" endtime="20220529 16:52:12.337"/>
</if>
<status status="PASS" starttime="20220529 16:52:12.334" endtime="20220529 16:52:12.337"/>
</iter>
<iter>
<var name="${NUMEROS}">10</var>
<if>
<branch type="IF" condition="${NUMEROS} == 5 or ${NUMEROS} == 10">
<kw name="Log To Console" library="BuiltIn">
<arg>Eu sou o número ${NUMEROS}!</arg>
<doc>Logs the given message to the console.</doc>
<status status="PASS" starttime="20220529 16:52:12.338" endtime="20220529 16:52:12.339"/>
</kw>
<status status="PASS" starttime="20220529 16:52:12.338" endtime="20220529 16:52:12.339"/>
</branch>
<branch type="ELSE">
<kw name="Log To Console" library="BuiltIn">
<arg>Eu não sou o número 5 e nem o 10! Eu sou o número: ${NUMEROS}!</arg>
<doc>Logs the given message to the console.</doc>
<status status="NOT RUN" starttime="20220529 16:52:12.339" endtime="20220529 16:52:12.339"/>
</kw>
<status status="NOT RUN" starttime="20220529 16:52:12.339" endtime="20220529 16:52:12.339"/>
</branch>
<status status="PASS" starttime="20220529 16:52:12.337" endtime="20220529 16:52:12.340"/>
</if>
<status status="PASS" starttime="20220529 16:52:12.337" endtime="20220529 16:52:12.340"/>
</iter>
<status status="PASS" starttime="20220529 16:52:12.309" endtime="20220529 16:52:12.340"/>
</for>
<status status="PASS" starttime="20220529 16:52:12.306" endtime="20220529 16:52:12.340"/>
</kw>
<doc>Faz um loop percorrendo a lista que você passar</doc>
<status status="PASS" starttime="20220529 16:52:12.305" endtime="20220529 16:52:12.341"/>
</test>
<doc>Vamos aprender a fazer LOOPS usando o Robot Framework!!</doc>
<status status="PASS" starttime="20220529 16:52:12.246" endtime="20220529 16:52:12.344"/>
</suite>
<statistics>
<total>
<stat pass="1" fail="0" skip="0">All Tests</stat>
</total>
<tag>
</tag>
<suite>
<stat pass="1" fail="0" skip="0" id="s1" name="ExercicioUsandoLoops">ExercicioUsandoLoops</stat>
</suite>
</statistics>
<errors>
</errors>
</robot>
