<?xml version="1.0" encoding="UTF-8"?>
<robot generator="Robot 4.1.3 (Python 3.10.0 on win32)" generated="20220529 15:12:13.635" rpa="false" schemaversion="2">
<suite id="s1" name="Exercicio Argumentos" source="C:\CursoUdemy\RobotFramework\WebTesting\exercicio_argumentos.robot">
<test id="s1-t1" name="Exercicio usando argumentos">
<kw name="Exercicio argumentos">
<kw name="Imprimindo um e-mail customizado e aleatório">
<arg>${PESSOA.Nome}</arg>
<arg>${PESSOA.Sobrenome}</arg>
<kw name="Generate Random String" library="String">
<var>${FRASE_ALEATORIA}</var>
<doc>Generates a string with a desired ``length`` from the given ``chars``.</doc>
<msg timestamp="20220529 15:12:13.734" level="INFO">${FRASE_ALEATORIA} = O0BHTncK</msg>
<status status="PASS" starttime="20220529 15:12:13.734" endtime="20220529 15:12:13.734"/>
</kw>
<kw name="Log" library="BuiltIn">
<arg>O email é: ${NOME_USUARIO}${SOBRE_NOME}${FRASE_ALEATORIA}@testerobot.com</arg>
<doc>Logs the given message with the given level.</doc>
<msg timestamp="20220529 15:12:13.734" level="INFO">O email é: PauloChavesO0BHTncK@testerobot.com</msg>
<status status="PASS" starttime="20220529 15:12:13.734" endtime="20220529 15:12:13.734"/>
</kw>
<status status="PASS" starttime="20220529 15:12:13.734" endtime="20220529 15:12:13.734"/>
</kw>
<status status="PASS" starttime="20220529 15:12:13.733" endtime="20220529 15:12:13.734"/>
</kw>
<status status="PASS" starttime="20220529 15:12:13.732" endtime="20220529 15:12:13.739"/>
</test>
<doc>Exemplos de tipos de tipos de variáveis como argumentos em Keywords</doc>
<status status="PASS" starttime="20220529 15:12:13.637" endtime="20220529 15:12:13.740"/>
</suite>
<statistics>
<total>
<stat pass="1" fail="0" skip="0">All Tests</stat>
</total>
<tag>
</tag>
<suite>
<stat pass="1" fail="0" skip="0" id="s1" name="Exercicio Argumentos">Exercicio Argumentos</stat>
</suite>
</statistics>
<errors>
</errors>
</robot>
